-------------------------------------------------------------------------------
Test set: edu.ngo.VisaprocessingsystemApplicationTests
-------------------------------------------------------------------------------
Tests run: 1, Failures: 0, Errors: 1, Skipped: 0, Time elapsed: 1.072 s <<< FAILURE! - in edu.ngo.VisaprocessingsystemApplicationTests
edu.ngo.VisaprocessingsystemApplicationTests  Time elapsed: 1.066 s  <<< ERROR!
java.lang.IllegalStateException: Unable to find a @SpringBootConfiguration, you need to use @ContextConfiguration or @SpringBootTest(classes=...) with your test

